<?xml version="1.0" encoding="UTF-8"?>
<!-- Generated by org.testng.reporters.JUnitXMLReporter -->
<testsuite hostname="Anjalipc" ignored="1" name="Flipcart Test App Test Cases" tests="4" failures="0" timestamp="17 Jul 2019 05:39:50 GMT" time="55.562" errors="0">
  <testcase name="@AfterClass tearDown" time="0.016" classname="com.crm.qa.testcases.HomePageTest">
    <failure type="org.openqa.selenium.NoSuchSessionException" message="Session ID is null. Using WebDriver after calling quit()?
Build info: version: &amp;apos;3.14.0&amp;apos;, revision: &amp;apos;aacccce0&amp;apos;, time: &amp;apos;2018-08-02T20:19:58.91Z&amp;apos;
System info: host: &amp;apos;ANJALIPC&amp;apos;, ip: &amp;apos;192.168.0.2&amp;apos;, os.name: &amp;apos;Windows 8.1&amp;apos;, os.arch: &amp;apos;x86&amp;apos;, os.version: &amp;apos;6.3&amp;apos;, java.version: &amp;apos;1.8.0_211&amp;apos;
Driver info: driver.version: RemoteWebDriver">
      <![CDATA[org.openqa.selenium.NoSuchSessionException: Session ID is null. Using WebDriver after calling quit()?
Build info: version: '3.14.0', revision: 'aacccce0', time: '2018-08-02T20:19:58.91Z'
System info: host: 'ANJALIPC', ip: '192.168.0.2', os.name: 'Windows 8.1', os.arch: 'x86', os.version: '6.3', java.version: '1.8.0_211'
Driver info: driver.version: RemoteWebDriver
	at org.openqa.selenium.remote.HttpCommandExecutor.execute(HttpCommandExecutor.java:125)
	at org.openqa.selenium.remote.service.DriverCommandExecutor.execute(DriverCommandExecutor.java:83)
	at org.openqa.selenium.remote.RemoteWebDriver.execute(RemoteWebDriver.java:548)
	at org.openqa.selenium.remote.RemoteWebDriver.findElement(RemoteWebDriver.java:322)
	at org.openqa.selenium.remote.RemoteWebDriver.findElementByXPath(RemoteWebDriver.java:424)
	at org.openqa.selenium.By$ByXPath.findElement(By.java:353)
	at org.openqa.selenium.remote.RemoteWebDriver.findElement(RemoteWebDriver.java:314)
	at com.crm.qa.base.TestBase.logout(TestBase.java:73)
	at com.crm.qa.testcases.HomePageTest.tearDown(HomePageTest.java:58)
... Removed 25 stack frames]]>
    </failure>
  </testcase> <!-- @AfterClass tearDown -->
  <testcase name="Testcase1_loginPageTitleTest" time="1.053" classname="com.crm.qa.testcases.LoginPageTest"/>
  <testcase name="Testcase2_verifyHomePageTitleTest" time="0.029" classname="com.crm.qa.testcases.HomePageTest"/>
  <testcase name="Testcase4_searchProduct" time="15.262" classname="com.crm.qa.testcases.SearchIteamTest"/>
  <testcase name="Testcase3_verifyHompUserName" time="0.109" classname="com.crm.qa.testcases.HomePageTest"/>
  <testcase name="Testcase5_verify_productaddedToCart" time="0.0" classname="com.crm.qa.testcases.SearchIteamTest">
    <ignored/>
  </testcase> <!-- Testcase5_verify_productaddedToCart -->
</testsuite> <!-- Flipcart Test App Test Cases -->
